[35;1mevaluation warning:[0m dan profile: `programs.ssh` default values will be removed in the future.
                    Consider setting `programs.ssh.enableDefaultConfig` to false,
                    and manually set the default values you want to keep at
                    `programs.ssh.matchBlocks."*"`.
these 85 derivations will be built:
  /nix/store/k0lf4xaprk6rdxjjk95njsx8r7annpb4-glances-4.3.3_fish-completions.drv
  /nix/store/mk1yhhs0ni042b7dx4ah4y578lpl60md-borg-job-diskyDocker-wrapper.drv
  /nix/store/rz88k17m8cz20cx5zrmdy8500sgrbjja-borg-job-diskyDocker-wrapper_fish-completions.drv
  /nix/store/xgnv6ixgp5shhjy9xah4sxdklmaj6lsq-docker-compose-language-service-0.2.0_fish-completions.drv
  /nix/store/03khjsn3dg8zav0jxn9mg6lcq4083ci5-system_fish-completions.drv
  /nix/store/08mg5linl1xxwxl1znzzrvzliimlzf6w-system-generators.drv
  /nix/store/0rmh5qa4m5c0l02h6z8lba5prb0p89wc-unit-systemd-fsck-.service.drv
  /nix/store/f9lip6355zgwf9haf5ng303a44z6d3jj-nfs.conf.drv
  /nix/store/2dyk7jgg7i6slp4mz8952h30yky3jqxg-X-Restart-Triggers-nfs-blkmap.drv
  /nix/store/0y4im65rvccqa1krpggrqgckm74mzwq3-unit-nfs-blkmap.service.drv
  /nix/store/129l90f2hhksh84njgb9vsxspfx8kmy4-nixos.conf.drv
  /nix/store/1x7rlnhj0s4iqkd1zk0vymsygpays3y3-etc-sysctl.d-60-nixos.conf.drv
  /nix/store/llh58rm2fm4wbjf251d0qa7zjzr0y9cy-X-Restart-Triggers-systemd-sysctl.drv
  /nix/store/1s5c8gkyvsn6ncfkwpaj7lzrcs0rnb8x-unit-systemd-sysctl.service.drv
  /nix/store/2ma0pq733fcx90vvwpk8a97n1ycp6nq5-unit-script-nfs-mountd-pre-start.drv
  /nix/store/3mvp0njvczjz0m0wrwk3095qjl097bl3-etc-systemd-system.conf.drv
  /nix/store/nb29a05ijl9wvivbmddwdghickzpvsl7-system-path.drv
  /nix/store/4g6p76fmciqh5a9i2ic38hz1vvjb63q8-dbus-1.drv
  /nix/store/nfxjhgc14qjk444gbbg48712s1d8skag-string-hosts.drv
  /nix/store/4ksvy85k5vvppn8329v7jn5rmzi46hjl-hosts.drv
  /nix/store/4mlmiskwdkmd169xnk74dg08vmz3l18h-X-Restart-Triggers-dbus.drv
  /nix/store/9jdg3yrkz6clm5v44r8m9fnvzpy9478a-borgbackup-job-diskyDocker-script.drv
  /nix/store/k4gicgqzls4jf4dg507lc66k4zjksx2s-unit-script-borgbackup-job-diskyDocker-start.drv
  /nix/store/4xf8nyn0nvl569ss7ssdvbssr5ngnd15-unit-borgbackup-job-diskyDocker.service.drv
  /nix/store/51sc0016qas5ixn251zrx3i0p6675hh7-exports.drv
  /nix/store/g5zmn6a0wpmq7vfcw25km0pijr1bcjfx-unit-dbus.service.drv
  /nix/store/9bsn437yljvkmzhdlsfgfjvpxxlp1j4j-daemon.json.drv
  /nix/store/xl92virr6md3mgr5rr45b7x19r1hdhw3-unit-docker.service.drv
  /nix/store/5pda2nds9fryffs3dya9l53pr5ijvxdj-user-units.drv
  /nix/store/bk5d6cz4v09p7v8v76a4b0v4bzmlfyf2-firmware.drv
  /nix/store/5z7k9k8an0fzs1injxbj20ysi0ncvgz5-etc-modprobe.d-firmware.conf.drv
  /nix/store/6j1baf8bydk2sdg7zp7673mb2b75klc9-manifest.json.drv
  /nix/store/wm3jz8b2c5nd265ggixsqizdp0kn226h-extra-udev-rules.drv
  /nix/store/vm2kf3bq9d1g2jg3784n8ahs3995nxpq-udev-rules.drv
  /nix/store/s3mg4nd106y0gr5b3mrbrakrkx9gn5n0-X-Restart-Triggers-systemd-udevd.drv
  /nix/store/6j2djnz2q00vm29rayg8wvl6s0bgh89q-unit-systemd-udevd.service.drv
  /nix/store/6wly2y3dsd2q92jrk6b45z546adwg8cg-unit-systemd-makefs-.service.drv
  /nix/store/brljhb0q03nh6fffszynl0fplkfwwk48-borgbackup-job-diskyDocker.conf.drv
  /nix/store/8cxxa8hsk3nlyfwakid1jl0af1y09hx9-tmpfiles.d.drv
  /nix/store/6wsw7cgbkiyc8zz6cil1c6icmyqlcvga-X-Restart-Triggers-systemd-tmpfiles-resetup.drv
  /nix/store/73ydc7cjb1mp8v24d2vydbvwjb49q7pv-X-Restart-Triggers-rpc-gssd.drv
  /nix/store/79l373nqvqgl7rs8rrcsnprifxizz1ip-etc-hostname.drv
  /nix/store/7h6wpx6kf651g65n4hzshimfwy1nfi30-user-generators.drv
  /nix/store/7hl53dlg0z5jrfrn8vqii2qyzly1b4v8-system-shutdown.drv
  /nix/store/b3qshxfm59a2ppw4b6xlqsa14lgs48jk-initrd-fsinfo.drv
  /nix/store/hi8p2xicj565bmyrwr6fiyrwlhmqx8hk-stage-1-init.sh.drv
  /nix/store/7j3mj2mmswhn18ypmnalfmslh5q3xr1w-closure-info.drv
  /nix/store/8f0qjbvm7daibmk9r4jiksjiasc9z1pg-unit-borgbackup-job-diskyDocker.timer.drv
  /nix/store/91as4k4lh1bb3ffkfjmypg5pkm338qbc-promtail-config.json.drv
  /nix/store/m9rqs8mngn7sx7v17vdh9j5416103a17-X-Restart-Triggers-nfs-mountd.drv
  /nix/store/9skrr4lrk9hsv77vfc9pk8sgvxs2axqs-unit-nfs-mountd.service.drv
  /nix/store/af8jfnwdsdr0hbkds56l8n29px7cad3k-unit-rpc-gssd.service.drv
  /nix/store/yr8j94qwvb9ss52bj04dkf01srlhag0p-man-paths.drv
  /nix/store/b9s8pdh9l86zbkww3fqjvsrsny0vxwi2-man-cache.drv
  /nix/store/c96d5njg8p38a3xaajbb1i2cb919p28f-X-Restart-Triggers-nfs-server.drv
  /nix/store/cpvhas4jsgf5gdwnzjsk6aqc2c82f1zk-unit-beszel-agent.service.drv
  /nix/store/w5xab2zj0rb6wzy98dsn0k2p34a345dd-X-Restart-Triggers-rpc-statd.drv
  /nix/store/gj1y2jyxprf6rhqpg2dasypvvj9fcj6b-unit-rpc-statd.service.drv
  /nix/store/hisnd2kxcgb9pc65nbf7xmwz2rqi4p9h-unit-qemu-guest-agent.service.drv
  /nix/store/hs5p29jqhfiw60xdvi6202vzffvk9sf3-unit-dbus.service.drv
  /nix/store/hvviqb75v1jfdinbf3hhnwhcgxm02r1q-unit-glances.service.drv
  /nix/store/m8l1ddk0r4jn57gsxmrh40pwkzl09471-unit-script-nfs-server-pre-start.drv
  /nix/store/mn03534k2achx8zamy9yj18jjdgin5w8-unit-nfs-server.service.drv
  /nix/store/s2nrgkacfwl1kp48z4b2sskrk2bmb2wh-nix.conf.drv
  /nix/store/y59c0i9g70yzpg7lfxhs8ah2c05aiac3-X-Restart-Triggers-nix-daemon.drv
  /nix/store/ndlbb6w3jyw1k5aw77l53jibkxc5c7p5-unit-nix-daemon.service.drv
  /nix/store/rdwx7vcbav4bddcq5r1c1scldjkg7043-X-Restart-Triggers-systemd-modules-load.drv
  /nix/store/q05937rpcdnrrwrvfljkhwv1xav79kl4-unit-systemd-modules-load.service.drv
  /nix/store/xfm8bsdz1av833b95bwidx2cxjfmhv65-unit-script-growpart-start.drv
  /nix/store/r1j1xnx5gwg8grfkm90h07j1pd1wav8a-unit-growpart.service.drv
  /nix/store/qx72vjzml0ca49jfpcqjdcqkm33l7f2g-firewall-start.drv
  /nix/store/sj4sc9pc2vqbwcrmpfzhdsdh66q0gpmz-firewall-reload.drv
  /nix/store/rwv3p585yhymqz72c6qa68gpmcmhwaxj-unit-firewall.service.drv
  /nix/store/r157rf7a3ckxwvqmfyj1nf5cbpvvpsfs-unit-script-promtail-pre-start.drv
  /nix/store/vfyp73x2vlkk8c91f96snhxhzkzrcb54-unit-promtail.service.drv
  /nix/store/wzzaq2n90gzn36kni3clr5xm5kdi3hr5-unit-systemd-tmpfiles-resetup.service.drv
  /nix/store/cb896n570wr4c4msc7sg8sy1vhm5rkh9-system-units.drv
  /nix/store/dggjni6czb09w0bs32jfjvhm01djx82k-users-groups.json.drv
  /nix/store/gcxvv18b2gg36rgklljd30ppwah3yz7c-etc-man_db.conf.drv
  /nix/store/npy3f6zb2cdrnhc789zqhcq7aprwm121-etc-fstab.drv
  /nix/store/rgljiyhpzf08vbp0mafy5yf818hjbx52-hwdb.bin.drv
  /nix/store/jhypfbzws7m9savxv8b025z64dz0nl4k-etc.drv
  /nix/store/jx0aghzqx70fwf9i7bnl86770yxx6jk0-initrd-linux-6.12.63.drv
  /nix/store/myh15jri95ss4l4933dkxql7q3dqws8v-boot.json.drv
  /nix/store/f9qqibdl01515q1f8s7x18rlzzvjq3r8-nixos-system-dennis-25.11.20251220.b3aad46.drv
these 38 paths will be fetched (20.14 MiB download, 87.00 MiB unpacked):
  /nix/store/xldzh7wk2jggz0wbjrvf4rys9p8kdzvx-cloud-utils-0.33-guest
  /nix/store/yw4l9h54j2n8sbl4b5j574kbg8251xb7-extra-utils
  /nix/store/zk6kykj6gh63psrmjmw9k02yzyhammvv-glances-4.3.3
  /nix/store/nfnb6f822kpzgx7hazizyp6186sdny5c-gptfdisk-1.0.10
  /nix/store/ri8j57nfn0mdziyn49mzxhlwk9j39v35-hddtemp-0.3-beta15
  /nix/store/1ypc15kzifh5fna38kniy8394n5k7p36-link-units
  /nix/store/p5y3q1446nx4ngzylrm4x9il4rhj0q5s-linux-6.12.63-modules-shrunk
  /nix/store/glqlm5km9l2n7wf0b23jdli2mydcdqhw-python3.13-annotated-types-0.7.0
  /nix/store/nvbsad3dcjd7kyh1nx3qcfb7wjk67gzn-python3.13-anyio-4.11.0
  /nix/store/9lyj2s9i1s2r1435g35vq9ar9iccl96l-python3.13-certifi-2025.07.14
  /nix/store/jcvh94449w1ffnsjs6w498qzm7v2zwrb-python3.13-cffi-2.0.0
  /nix/store/7v2m3jfrqyijqmnd1rgkylq8jaj6cc84-python3.13-charset-normalizer-3.4.3
  /nix/store/p352iawg0q3q18ajklyrih6k46nhfz11-python3.13-click-8.2.1
  /nix/store/z1ikl8axcnlaxszvgllp3yb50dxklcbj-python3.13-cryptography-46.0.2
  /nix/store/91amk06mky2mdwkh98x2ypxr443q3xgp-python3.13-defusedxml-0.8.0rc2
  /nix/store/bqjk38ymqc58icfgyhrkic7hxhljfrqw-python3.13-fastapi-0.116.1
  /nix/store/sz2virc5q8x0vkd02i09i3sla9sxdbrm-python3.13-h11-0.16.0
  /nix/store/czbkmgk58ka4r899vq1gr921d3apspgd-python3.13-netifaces2-0.0.22
  /nix/store/l40phs8l1yw9vdqxk7qlr10ny0kibhk5-python3.13-ply-3.11
  /nix/store/167gf8ppf8y9blcs9y8h6b1n4ajab3xb-python3.13-prometheus-client-0.22.1
  /nix/store/bg5gcnsms0g7hkap7ybbgpd6bmcpg3jl-python3.13-psutil-7.1.2
  /nix/store/l3v4pyaqv7qav18zfq5m7vs4ha70f1gn-python3.13-pyasn1-0.6.1
  /nix/store/md8sxjzdq1fysha0nq8f0qmmr7lmzaqz-python3.13-pycparser-2.23
  /nix/store/rwhgbfpfzyyx9zb95ykn039n70n9sify-python3.13-pycryptodomex-3.23.0
  /nix/store/f38v89acnlp0bhp6nspkwmym5hlgf27a-python3.13-pydantic-2.11.7
  /nix/store/hnl51cnlpbfrwv6phx2rssa4x497j0i6-python3.13-pydantic-core-2.33.2
  /nix/store/ypb79z3yi8kigmcfq9jpipbdvypb7i75-python3.13-pysmi-1.6.2
  /nix/store/1pflq0v78j693a8i4ydmi1b2jj9k7v51-python3.13-pysnmp-7.1.22
  /nix/store/kgrsbjmbrsinylwabplgvsq1qi3mlwfi-python3.13-pysnmpcrypto-0.1.0
  /nix/store/ic0w3lb3a9af6lwwll3gxc895wvd4vnv-python3.13-requests-2.32.5
  /nix/store/h6x6klv8wf62dsimkfs2qhs0kbyi653c-python3.13-shtab-1.7.2
  /nix/store/5mfxmadfc8sriaxbacl93mmihjwxymbd-python3.13-starlette-0.47.2
  /nix/store/9ilnzm5b59f0s8ii82lxg287rhlwbq1x-python3.13-typing-extensions-4.15.0
  /nix/store/2bga1cdixk6r565h8nnsg41dwzs9y0l5-python3.13-typing-inspection-0.4.2
  /nix/store/5rsmyrgzjzlqw9vj7lc63c15749afvq5-python3.13-urllib3-2.5.0
  /nix/store/sshqa9kqqxzl8q5glj0banbg83l5g2hm-python3.13-uvicorn-0.35.0
  /nix/store/68nqa2ij6izl3hd58x5rpq53wrq77cij-qemu-host-cpu-only-10.1.2-ga
  /nix/store/rxnaf1116rgwjk6gqlyr12w5lg4r35lk-udev-rules
